<?xml version="1.0" encoding="UTF-8"?>
<!-- Generated by org.testng.reporters.JUnitXMLReporter -->
<testsuite ignored="0" hostname="DESKTOP-H9H9UJC" failures="1" tests="3" name="Test(failed)" time="51.795" errors="0" timestamp="2023-05-23T14:13:06 IST">
  <testcase classname="testNGAnnotations.BaseTest" name="@AfterMethod tearDown" time="2.011">
    <failure type="java.lang.NullPointerException" message="Cannot invoke &amp;quot;org.openqa.selenium.WebDriver.quit()&amp;quot; because &amp;quot;testNGAnnotations.BaseTest.driver&amp;quot; is null">
      <![CDATA[java.lang.NullPointerException: Cannot invoke "org.openqa.selenium.WebDriver.quit()" because "testNGAnnotations.BaseTest.driver" is null
at testNGAnnotations.BaseTest.tearDown(BaseTest.java:34)
at java.base/java.util.ArrayList.forEach(ArrayList.java:1511)
... Removed 30 stack frames]]>
    </failure>
  </testcase> <!-- @AfterMethod tearDown -->
  <testcase classname="testNGAnnotations.BaseTest" name="@BeforeMethod afterMethod" time="-1.684831385452E9">
    <skipped/>
  </testcase> <!-- @BeforeMethod afterMethod -->
  <testcase classname="testNGAnnotations.BaseTest" name="@AfterMethod tearDown" time="-1.684831385474E9">
    <skipped/>
  </testcase> <!-- @AfterMethod tearDown -->
  <testcase classname="testNGAnnotations.BaseTest" name="@BeforeMethod afterMethod" time="-1.684831385479E9">
    <skipped/>
  </testcase> <!-- @BeforeMethod afterMethod -->
  <testcase classname="testNGAnnotations.BaseTest" name="@AfterMethod tearDown" time="-1.684831385505E9">
    <skipped/>
  </testcase> <!-- @AfterMethod tearDown -->
  <testcase classname="testNGAnnotations.GoogleSearchTestCase" name="f" time="0.127">
    <failure type="java.lang.NullPointerException" message="Cannot invoke &amp;quot;org.openqa.selenium.WebDriver.switchTo()&amp;quot; because &amp;quot;testNGAnnotations.GoogleSearchTestCase.driver&amp;quot; is null">
      <![CDATA[java.lang.NullPointerException: Cannot invoke "org.openqa.selenium.WebDriver.switchTo()" because "testNGAnnotations.GoogleSearchTestCase.driver" is null
at testNGAnnotations.GoogleSearchTestCase.f(GoogleSearchTestCase.java:9)
at java.base/java.util.ArrayList.forEach(ArrayList.java:1511)
... Removed 25 stack frames]]>
    </failure>
  </testcase> <!-- f -->
  <testcase classname="testNGAnnotations.GoogleSearchTestCase" name="h" time="0.0">
    <skipped/>
  </testcase> <!-- h -->
  <testcase classname="testNGAnnotations.GoogleSearchTestCase" name="g" time="0.0">
    <skipped/>
  </testcase> <!-- g -->
</testsuite> <!-- Test(failed) -->
